2019-04-22 10:52:00|12|statement|connection 0|select user_id, user_name, password, role_name from sys_user where user_name = ?|select user_id, user_name, password, role_name from sys_user where user_name = 'admin'
2019-04-22 10:52:00|4|statement|connection 0|select a.authority_id,a.authority_name authority_name_1,b.authority_name authority_name_2,b.parent,b.authority_url authority_url_2,b.remark from (select role_name from sys_user where user_name=?) c, (select t1.role_name,t2.authority_id,t2.authority_name from sys_user_authority t1,sys_authority t2 where t1.authority_id=t2.authority_id and parent=0 ) a, (select t1.role_name,t2.parent,t2.authority_name,t2.authority_url,t2.remark from sys_user_authority t1,sys_authority t2 where t1.authority_id=t2.authority_id and parent!=0 ) b where a.authority_id=b.parent and a.role_name=c.role_name and b.role_name=c.role_name;|select a.authority_id,a.authority_name authority_name_1,b.authority_name authority_name_2,b.parent,b.authority_url authority_url_2,b.remark from (select role_name from sys_user where user_name='admin') c, (select t1.role_name,t2.authority_id,t2.authority_name from sys_user_authority t1,sys_authority t2 where t1.authority_id=t2.authority_id and parent=0 ) a, (select t1.role_name,t2.parent,t2.authority_name,t2.authority_url,t2.remark from sys_user_authority t1,sys_authority t2 where t1.authority_id=t2.authority_id and parent!=0 ) b where a.authority_id=b.parent and a.role_name=c.role_name and b.role_name=c.role_name;
2019-04-22 10:52:04|3|statement|connection 0|SELECT count(0) FROM tf_f_user WHERE status = ?|SELECT count(0) FROM tf_f_user WHERE status = 1
2019-04-22 10:52:04|2|statement|connection 0|select user_id,login_name,user_name,serial_number,company_name,status,create_date,end_date,update_time,update_staff_id from tf_f_user where status=? LIMIT ? |select user_id,login_name,user_name,serial_number,company_name,status,create_date,end_date,update_time,update_staff_id from tf_f_user where status=1 LIMIT 5 
2019-04-22 10:52:05|24|statement|connection 0|INSERT INTO tf_f_user_item  (item_id, user_id, item_type, item_value, item_remark, start_date, end_date, update_staff_id) VALUES (?, ?, ?, ?, ?, ?, ?, ?)|INSERT INTO tf_f_user_item  (item_id, user_id, item_type, item_value, item_remark, start_date, end_date, update_staff_id) VALUES (155590152542612, 4, 0, '7C28C0F2032A95DBD91A761F9FCC28F3', '用户AppKey', '22-四月-19', '31-十二月-50', 'admin')
2019-04-22 10:52:05|2|statement|connection 0|INSERT INTO tf_f_user_item  (item_id, user_id, item_type, item_value, item_remark, start_date, update_staff_id) VALUES (?, ?, ?, ?, ?, ?, ?)|INSERT INTO tf_f_user_item  (item_id, user_id, item_type, item_value, item_remark, start_date, update_staff_id) VALUES (155590152546150, 4, 1, '42SRNRJOCTYV3z4m', '用户SecretKey', '22-四月-19', 'admin')
2019-04-22 10:52:05|19|statement|connection 0|UPDATE tf_f_user SET status = ? WHERE (user_id = ?)|UPDATE tf_f_user SET status = 2 WHERE (user_id = 4)
2019-04-22 10:52:05|8|commit|connection 0||
2019-04-22 10:52:05|1|statement|connection 0|select user_id,login_name,user_name,serial_number,company_name,status,create_date,end_date,update_time,update_staff_id from tf_f_user|select user_id,login_name,user_name,serial_number,company_name,status,create_date,end_date,update_time,update_staff_id from tf_f_user
2019-04-22 10:52:08|1|statement|connection 0|SELECT count(0) FROM tf_f_user WHERE status = ?|SELECT count(0) FROM tf_f_user WHERE status = 1
2019-04-22 10:52:09|2|statement|connection 0|SELECT count(0) FROM tf_f_user|SELECT count(0) FROM tf_f_user
2019-04-22 10:52:09|3|statement|connection 0|select user_id,login_name,user_name,serial_number,company_name,status,create_date,end_date,update_time,update_staff_id from tf_f_user LIMIT ? |select user_id,login_name,user_name,serial_number,company_name,status,create_date,end_date,update_time,update_staff_id from tf_f_user LIMIT 5 
2019-04-22 10:52:11|1|statement|connection 0|select * from tf_f_user_item where user_id=? and item_type=?|select * from tf_f_user_item where user_id=2 and item_type=0
2019-04-22 10:52:11|1|statement|connection 0|select * from tf_f_user_item where user_id=? and item_type=?|select * from tf_f_user_item where user_id=2 and item_type=1
2019-04-22 10:52:12|2|statement|connection 0|select * from tf_f_user_item where user_id=? and item_type=?|select * from tf_f_user_item where user_id=2 and item_type=0
2019-04-22 10:52:12|1|statement|connection 0|select * from tf_f_user_item where user_id=? and item_type=?|select * from tf_f_user_item where user_id=2 and item_type=1
2019-04-22 10:52:14|2|statement|connection 0|select * from tf_f_user_item where user_id=? and item_type=?|select * from tf_f_user_item where user_id=3 and item_type=0
2019-04-22 10:52:14|1|statement|connection 0|select * from tf_f_user_item where user_id=? and item_type=?|select * from tf_f_user_item where user_id=3 and item_type=1
2019-04-22 10:53:11|3|statement|connection 1|select user_id, user_name, password, role_name from sys_user where user_name = ?|select user_id, user_name, password, role_name from sys_user where user_name = 'admin'
2019-04-22 10:53:16|4|statement|connection 1|select a.authority_id,a.authority_name authority_name_1,b.authority_name authority_name_2,b.parent,b.authority_url authority_url_2,b.remark from (select role_name from sys_user where user_name=?) c, (select t1.role_name,t2.authority_id,t2.authority_name from sys_user_authority t1,sys_authority t2 where t1.authority_id=t2.authority_id and parent=0 ) a, (select t1.role_name,t2.parent,t2.authority_name,t2.authority_url,t2.remark from sys_user_authority t1,sys_authority t2 where t1.authority_id=t2.authority_id and parent!=0 ) b where a.authority_id=b.parent and a.role_name=c.role_name and b.role_name=c.role_name;|select a.authority_id,a.authority_name authority_name_1,b.authority_name authority_name_2,b.parent,b.authority_url authority_url_2,b.remark from (select role_name from sys_user where user_name='admin') c, (select t1.role_name,t2.authority_id,t2.authority_name from sys_user_authority t1,sys_authority t2 where t1.authority_id=t2.authority_id and parent=0 ) a, (select t1.role_name,t2.parent,t2.authority_name,t2.authority_url,t2.remark from sys_user_authority t1,sys_authority t2 where t1.authority_id=t2.authority_id and parent!=0 ) b where a.authority_id=b.parent and a.role_name=c.role_name and b.role_name=c.role_name;
2019-04-22 10:53:19|7|statement|connection 1|SELECT count(0) FROM tf_f_user|SELECT count(0) FROM tf_f_user
2019-04-22 10:53:19|1|statement|connection 1|select user_id,login_name,user_name,serial_number,company_name,status,create_date,end_date,update_time,update_staff_id from tf_f_user LIMIT ? |select user_id,login_name,user_name,serial_number,company_name,status,create_date,end_date,update_time,update_staff_id from tf_f_user LIMIT 5 
2019-04-22 10:53:21|2|statement|connection 1|select * from tf_f_user_item where user_id=? and item_type=?|select * from tf_f_user_item where user_id=2 and item_type=0
2019-04-22 10:53:21|1|statement|connection 1|select * from tf_f_user_item where user_id=? and item_type=?|select * from tf_f_user_item where user_id=2 and item_type=1
2019-04-22 11:00:02|14|statement|connection 1|select user_id, user_name, password, role_name from sys_user where user_name = ?|select user_id, user_name, password, role_name from sys_user where user_name = 'admin'
2019-04-22 11:00:02|10|statement|connection 1|select a.authority_id,a.authority_name authority_name_1,b.authority_name authority_name_2,b.parent,b.authority_url authority_url_2,b.remark from (select role_name from sys_user where user_name=?) c, (select t1.role_name,t2.authority_id,t2.authority_name from sys_user_authority t1,sys_authority t2 where t1.authority_id=t2.authority_id and parent=0 ) a, (select t1.role_name,t2.parent,t2.authority_name,t2.authority_url,t2.remark from sys_user_authority t1,sys_authority t2 where t1.authority_id=t2.authority_id and parent!=0 ) b where a.authority_id=b.parent and a.role_name=c.role_name and b.role_name=c.role_name;|select a.authority_id,a.authority_name authority_name_1,b.authority_name authority_name_2,b.parent,b.authority_url authority_url_2,b.remark from (select role_name from sys_user where user_name='admin') c, (select t1.role_name,t2.authority_id,t2.authority_name from sys_user_authority t1,sys_authority t2 where t1.authority_id=t2.authority_id and parent=0 ) a, (select t1.role_name,t2.parent,t2.authority_name,t2.authority_url,t2.remark from sys_user_authority t1,sys_authority t2 where t1.authority_id=t2.authority_id and parent!=0 ) b where a.authority_id=b.parent and a.role_name=c.role_name and b.role_name=c.role_name;
2019-04-22 11:00:05|3|statement|connection 1|SELECT count(0) FROM tf_f_user|SELECT count(0) FROM tf_f_user
2019-04-22 11:00:05|1|statement|connection 1|select user_id,login_name,user_name,serial_number,company_name,status,create_date,end_date,update_time,update_staff_id from tf_f_user LIMIT ? |select user_id,login_name,user_name,serial_number,company_name,status,create_date,end_date,update_time,update_staff_id from tf_f_user LIMIT 5 
2019-04-22 11:00:08|3|statement|connection 1|select * from tf_f_user_item where user_id=? and item_type=?|select * from tf_f_user_item where user_id=2 and item_type=0
2019-04-22 11:00:08|1|statement|connection 1|select * from tf_f_user_item where user_id=? and item_type=?|select * from tf_f_user_item where user_id=2 and item_type=1
2019-04-22 11:00:17|1|statement|connection 1|select * from tf_f_user_item where user_id=? and item_type=?|select * from tf_f_user_item where user_id=2 and item_type=0
2019-04-22 11:00:17|1|statement|connection 1|select * from tf_f_user_item where user_id=? and item_type=?|select * from tf_f_user_item where user_id=2 and item_type=1
2019-04-22 11:02:37|6|statement|connection 1|SELECT count(0) FROM tf_f_user|SELECT count(0) FROM tf_f_user
2019-04-22 11:02:37|2|statement|connection 1|select user_id,login_name,user_name,serial_number,company_name,status,create_date,end_date,update_time,update_staff_id from tf_f_user LIMIT ? |select user_id,login_name,user_name,serial_number,company_name,status,create_date,end_date,update_time,update_staff_id from tf_f_user LIMIT 5 
2019-04-22 11:02:38|3|statement|connection 1|select * from tf_f_user_item where user_id=? and item_type=?|select * from tf_f_user_item where user_id=2 and item_type=0
2019-04-22 11:02:38|2|statement|connection 1|select * from tf_f_user_item where user_id=? and item_type=?|select * from tf_f_user_item where user_id=2 and item_type=1
2019-04-22 11:03:27|2|statement|connection 1|SELECT count(0) FROM tf_f_user|SELECT count(0) FROM tf_f_user
2019-04-22 11:03:27|1|statement|connection 1|select user_id,login_name,user_name,serial_number,company_name,status,create_date,end_date,update_time,update_staff_id from tf_f_user LIMIT ? |select user_id,login_name,user_name,serial_number,company_name,status,create_date,end_date,update_time,update_staff_id from tf_f_user LIMIT 5 
2019-04-22 11:03:29|1|statement|connection 1|select * from tf_f_user_item where user_id=? and item_type=?|select * from tf_f_user_item where user_id=2 and item_type=0
2019-04-22 11:03:29|2|statement|connection 1|select * from tf_f_user_item where user_id=? and item_type=?|select * from tf_f_user_item where user_id=2 and item_type=1
2019-04-22 11:08:36|7|statement|connection 1|SELECT count(0) FROM tf_f_user|SELECT count(0) FROM tf_f_user
2019-04-22 11:08:36|1|statement|connection 1|select user_id,login_name,user_name,serial_number,company_name,status,create_date,end_date,update_time,update_staff_id from tf_f_user LIMIT ? |select user_id,login_name,user_name,serial_number,company_name,status,create_date,end_date,update_time,update_staff_id from tf_f_user LIMIT 5 
2019-04-22 11:08:38|3|statement|connection 1|select * from tf_f_user_item where user_id=? and item_type=?|select * from tf_f_user_item where user_id=2 and item_type=0
2019-04-22 11:08:38|3|statement|connection 1|select * from tf_f_user_item where user_id=? and item_type=?|select * from tf_f_user_item where user_id=2 and item_type=1
2019-04-22 11:11:10|4|statement|connection 1|SELECT count(0) FROM tf_f_user|SELECT count(0) FROM tf_f_user
2019-04-22 11:11:10|2|statement|connection 1|select user_id,login_name,user_name,serial_number,company_name,status,create_date,end_date,update_time,update_staff_id from tf_f_user LIMIT ? |select user_id,login_name,user_name,serial_number,company_name,status,create_date,end_date,update_time,update_staff_id from tf_f_user LIMIT 5 
2019-04-22 11:11:11|1|statement|connection 1|select * from tf_f_user_item where user_id=? and item_type=?|select * from tf_f_user_item where user_id=2 and item_type=0
2019-04-22 11:11:11|3|statement|connection 1|select * from tf_f_user_item where user_id=? and item_type=?|select * from tf_f_user_item where user_id=2 and item_type=1
2019-04-22 11:15:49|10|statement|connection 1|SELECT count(0) FROM tf_f_user|SELECT count(0) FROM tf_f_user
2019-04-22 11:15:49|1|statement|connection 1|select user_id,login_name,user_name,serial_number,company_name,status,create_date,end_date,update_time,update_staff_id from tf_f_user LIMIT ? |select user_id,login_name,user_name,serial_number,company_name,status,create_date,end_date,update_time,update_staff_id from tf_f_user LIMIT 5 
2019-04-22 11:15:51|1|statement|connection 1|select * from tf_f_user_item where user_id=? and item_type=?|select * from tf_f_user_item where user_id=2 and item_type=0
2019-04-22 11:15:51|2|statement|connection 1|select * from tf_f_user_item where user_id=? and item_type=?|select * from tf_f_user_item where user_id=2 and item_type=1
2019-04-22 11:17:15|4|statement|connection 1|SELECT count(0) FROM tf_f_user|SELECT count(0) FROM tf_f_user
2019-04-22 11:17:15|1|statement|connection 1|select user_id,login_name,user_name,serial_number,company_name,status,create_date,end_date,update_time,update_staff_id from tf_f_user LIMIT ? |select user_id,login_name,user_name,serial_number,company_name,status,create_date,end_date,update_time,update_staff_id from tf_f_user LIMIT 5 
2019-04-22 11:17:16|2|statement|connection 1|select * from tf_f_user_item where user_id=? and item_type=?|select * from tf_f_user_item where user_id=2 and item_type=0
2019-04-22 11:17:16|2|statement|connection 1|select * from tf_f_user_item where user_id=? and item_type=?|select * from tf_f_user_item where user_id=2 and item_type=1
2019-04-22 11:30:21|12|statement|connection 1|select * from tf_f_user_item where user_id=? and item_type=?|select * from tf_f_user_item where user_id=2 and item_type=0
2019-04-22 11:30:21|3|statement|connection 1|select * from tf_f_user_item where user_id=? and item_type=?|select * from tf_f_user_item where user_id=2 and item_type=1
2019-04-22 11:30:45|2|statement|connection 1|SELECT count(0) FROM tf_f_user|SELECT count(0) FROM tf_f_user
2019-04-22 11:30:45|2|statement|connection 1|select user_id,login_name,user_name,serial_number,company_name,status,create_date,end_date,update_time,update_staff_id from tf_f_user LIMIT ? |select user_id,login_name,user_name,serial_number,company_name,status,create_date,end_date,update_time,update_staff_id from tf_f_user LIMIT 5 
2019-04-22 11:30:46|2|statement|connection 1|select * from tf_f_user_item where user_id=? and item_type=?|select * from tf_f_user_item where user_id=2 and item_type=0
2019-04-22 11:30:46|1|statement|connection 1|select * from tf_f_user_item where user_id=? and item_type=?|select * from tf_f_user_item where user_id=2 and item_type=1
